{"/Users/pangyaran/Documents/vue-cypress/src/App.vue": {"path":"/Users/pangyaran/Documents/vue-cypress/src/App.vue","statementMap":{"0":{"start":{"line":2,"column":0},"end":{"line":2,"column":null}},"1":{"start":{"line":6,"column":0},"end":{"line":6,"column":null}},"2":{"start":{"line":8,"column":0},"end":{"line":8,"column":null}},"3":{"start":{"line":9,"column":0},"end":{"line":9,"column":null}},"4":{"start":{"line":13,"column":0},"end":{"line":13,"column":null}},"5":{"start":{"line":16,"column":0},"end":{"line":16,"column":null}},"6":{"start":{"line":17,"column":0},"end":{"line":17,"column":null}}},"fnMap":{"0":{"name":"(anonymous_1)","decl":{"start":{"line":7,"column":0},"end":{"line":7,"column":null}},"loc":{"start":{"line":7,"column":0},"end":{"line":10,"column":null}}},"1":{"name":"(anonymous_2)","decl":{"start":{"line":12,"column":0},"end":{"line":12,"column":null}},"loc":{"start":{"line":12,"column":0},"end":{"line":14,"column":null}}},"2":{"name":"(anonymous_3)","decl":{"start":{"line":16,"column":0},"end":{"line":16,"column":null}},"loc":{"start":{"line":16,"column":0},"end":{"line":22,"column":null}}}},"branchMap":{},"s":{"0":0,"1":0,"2":0,"3":0,"4":0,"5":0,"6":0},"f":{"0":0,"1":0,"2":0},"b":{}}
,"/Users/pangyaran/Documents/vue-cypress/src/components/Login.vue": {"path":"/Users/pangyaran/Documents/vue-cypress/src/components/Login.vue","statementMap":{"0":{"start":{"line":2,"column":0},"end":{"line":2,"column":null}},"1":{"start":{"line":3,"column":0},"end":{"line":3,"column":null}},"2":{"start":{"line":6,"column":0},"end":{"line":6,"column":null}},"3":{"start":{"line":7,"column":0},"end":{"line":7,"column":null}},"4":{"start":{"line":8,"column":0},"end":{"line":8,"column":null}},"5":{"start":{"line":9,"column":0},"end":{"line":9,"column":null}},"6":{"start":{"line":14,"column":0},"end":{"line":14,"column":null}},"7":{"start":{"line":18,"column":0},"end":{"line":18,"column":null}},"8":{"start":{"line":19,"column":0},"end":{"line":24,"column":null}},"9":{"start":{"line":20,"column":0},"end":{"line":20,"column":null}},"10":{"start":{"line":21,"column":0},"end":{"line":21,"column":null}},"11":{"start":{"line":23,"column":0},"end":{"line":23,"column":null}},"12":{"start":{"line":28,"column":0},"end":{"line":28,"column":null}},"13":{"start":{"line":32,"column":0},"end":{"line":32,"column":null}},"14":{"start":{"line":35,"column":0},"end":{"line":35,"column":null}},"15":{"start":{"line":36,"column":0},"end":{"line":36,"column":null}},"16":{"start":{"line":11,"column":0},"end":{"line":11,"column":null}}},"fnMap":{"0":{"name":"(anonymous_1)","decl":{"start":{"line":6,"column":0},"end":{"line":6,"column":null}},"loc":{"start":{"line":6,"column":0},"end":{"line":63,"column":null}}},"1":{"name":"(anonymous_2)","decl":{"start":{"line":13,"column":0},"end":{"line":13,"column":null}},"loc":{"start":{"line":13,"column":0},"end":{"line":15,"column":null}}},"2":{"name":"(anonymous_3)","decl":{"start":{"line":17,"column":0},"end":{"line":17,"column":null}},"loc":{"start":{"line":17,"column":0},"end":{"line":25,"column":null}}},"3":{"name":"(anonymous_4)","decl":{"start":{"line":27,"column":0},"end":{"line":27,"column":null}},"loc":{"start":{"line":27,"column":0},"end":{"line":29,"column":null}}},"4":{"name":"(anonymous_5)","decl":{"start":{"line":31,"column":0},"end":{"line":31,"column":null}},"loc":{"start":{"line":31,"column":0},"end":{"line":33,"column":null}}},"5":{"name":"(anonymous_6)","decl":{"start":{"line":35,"column":0},"end":{"line":35,"column":null}},"loc":{"start":{"line":35,"column":0},"end":{"line":62,"column":null}}},"6":{"name":"(anonymous_7)","decl":{"start":{"line":36,"column":0},"end":{"line":36,"column":null}},"loc":{"start":{"line":36,"column":0},"end":{"line":36,"column":null}}}},"branchMap":{"0":{"loc":{"start":{"line":36,"column":0},"end":{"line":36,"column":null}},"type":"binary-expr","locations":[{"start":{"line":36,"column":0},"end":{"line":36,"column":null}},{"start":{"line":36,"column":0},"end":{"line":56,"column":null}}]}},"s":{"0":0,"1":0,"2":0,"3":0,"4":0,"5":0,"6":0,"7":0,"8":0,"9":0,"10":0,"11":0,"12":0,"13":0,"14":0,"15":0,"16":0},"f":{"0":0,"1":0,"2":0,"3":0,"4":0,"5":0,"6":0},"b":{"0":[0,0]}}
,"/Users/pangyaran/Documents/vue-cypress/src/components/Shop.vue": {"path":"/Users/pangyaran/Documents/vue-cypress/src/components/Shop.vue","statementMap":{"0":{"start":{"line":2,"column":0},"end":{"line":2,"column":null}},"1":{"start":{"line":5,"column":0},"end":{"line":5,"column":null}},"2":{"start":{"line":6,"column":0},"end":{"line":6,"column":null}},"3":{"start":{"line":7,"column":0},"end":{"line":7,"column":null}}},"fnMap":{"0":{"name":"(anonymous_1)","decl":{"start":{"line":6,"column":0},"end":{"line":6,"column":null}},"loc":{"start":{"line":6,"column":0},"end":{"line":8,"column":null}}}},"branchMap":{},"s":{"0":0,"1":0,"2":0,"3":0},"f":{"0":0},"b":{}}
,"/Users/pangyaran/Documents/vue-cypress/src/store/index.ts": {"path":"/Users/pangyaran/Documents/vue-cypress/src/store/index.ts","statementMap":{"0":{"start":{"line":1,"column":0},"end":{"line":1,"column":24}},"1":{"start":{"line":2,"column":0},"end":{"line":2,"column":22}},"2":{"start":{"line":4,"column":0},"end":{"line":6,"column":null}},"3":{"start":{"line":5,"column":2},"end":{"line":5,"column":16}},"4":{"start":{"line":7,"column":14},"end":{"line":7,"column":32}},"5":{"start":{"line":9,"column":0},"end":{"line":9,"column":21}}},"fnMap":{},"branchMap":{"0":{"loc":{"start":{"line":4,"column":0},"end":{"line":6,"column":null}},"type":"if","locations":[{"start":{"line":4,"column":0},"end":{"line":6,"column":null}},{"start":{"line":4,"column":0},"end":{"line":6,"column":null}}]}},"s":{"0":1,"1":1,"2":1,"3":1,"4":1,"5":1},"f":{},"b":{"0":[1,0]}}
,"/Users/pangyaran/Documents/vue-cypress/src/store/login.ts": {"path":"/Users/pangyaran/Documents/vue-cypress/src/store/login.ts","statementMap":{"0":{"start":{"line":1,"column":0},"end":{"line":1,"column":null}},"1":{"start":{"line":8,"column":0},"end":{"line":8,"column":28}},"2":{"start":{"line":11,"column":0},"end":{"line":32,"column":null}},"3":{"start":{"line":12,"column":2},"end":{"line":12,"column":28}},"4":{"start":{"line":16,"column":4},"end":{"line":19,"column":null}},"5":{"start":{"line":17,"column":6},"end":{"line":17,"column":32}},"6":{"start":{"line":18,"column":6},"end":{"line":18,"column":18}},"7":{"start":{"line":20,"column":4},"end":{"line":20,"column":35}},"8":{"start":{"line":25,"column":4},"end":{"line":25,"column":28}},"9":{"start":{"line":30,"column":4},"end":{"line":30,"column":26}},"10":{"start":{"line":15,"column":2},"end":{"line":21,"column":null}},"11":{"start":{"line":24,"column":2},"end":{"line":26,"column":null}},"12":{"start":{"line":29,"column":2},"end":{"line":31,"column":null}},"13":{"start":{"line":11,"column":6},"end":{"line":32,"column":null}},"14":{"start":{"line":34,"column":20},"end":{"line":34,"column":36}},"15":{"start":{"line":36,"column":0},"end":{"line":36,"column":27}}},"fnMap":{"0":{"name":"(anonymous_0)","decl":{"start":{"line":11,"column":0},"end":{"line":11,"column":6}},"loc":{"start":{"line":11,"column":0},"end":{"line":32,"column":1}}},"1":{"name":"(anonymous_1)","decl":{"start":{"line":15,"column":2},"end":{"line":15,"column":7}},"loc":{"start":{"line":15,"column":70},"end":{"line":21,"column":3}}},"2":{"name":"(anonymous_2)","decl":{"start":{"line":24,"column":2},"end":{"line":24,"column":16}},"loc":{"start":{"line":24,"column":33},"end":{"line":26,"column":3}}},"3":{"name":"(anonymous_3)","decl":{"start":{"line":29,"column":2},"end":{"line":29,"column":12}},"loc":{"start":{"line":29,"column":12},"end":{"line":31,"column":3}}}},"branchMap":{"0":{"loc":{"start":{"line":16,"column":4},"end":{"line":19,"column":null}},"type":"if","locations":[{"start":{"line":16,"column":4},"end":{"line":19,"column":null}},{"start":{"line":16,"column":4},"end":{"line":19,"column":null}}]},"1":{"loc":{"start":{"line":16,"column":8},"end":{"line":16,"column":25}},"type":"binary-expr","locations":[{"start":{"line":16,"column":8},"end":{"line":16,"column":25}},{"start":{"line":16,"column":29},"end":{"line":16,"column":46}}]}},"s":{"0":1,"1":1,"2":1,"3":1,"4":2,"5":1,"6":1,"7":1,"8":1,"9":2,"10":1,"11":1,"12":1,"13":1,"14":1,"15":1},"f":{"0":1,"1":2,"2":1,"3":2},"b":{"0":[1,1],"1":[2,2]}}
}
